Using pre-set license
Built from '2020.3/staging' branch; Version is '2020.3.0f1 (c7b5465681fb) revision 13088070'; Using compiler version '192528614'; Build Type 'Release'
OS: 'Windows 10 Home Single Language; OS build 19041.867; Version 2004; 64bit' Language: 'en' Physical Memory: 32718 MB
BatchMode: 1, IsHumanControllingUs: 0, StartBugReporterOnCrash: 0, Is64bit: 1, IsPro: 0

 COMMAND LINE ARGUMENTS:
G:\Unity\2020.3.0f1\Editor\Unity.exe
-adb2
-batchMode
-noUpm
-name
AssetImportWorker0
-projectPath
E:/Unity Projects/Oscilloscope
-logFile
Logs/AssetImportWorker0.log
-srvPort
50709
Successfully changed project path to: E:/Unity Projects/Oscilloscope
E:/Unity Projects/Oscilloscope
Using Asset Import Pipeline V2.
Refreshing native plugins compatible for Editor in 27.38 ms, found 0 plugins.
Preloading 0 native plugins for Editor in 0.00 ms.
Initialize engine version: 2020.3.0f1 (c7b5465681fb)
[Subsystems] Discovering subsystems at path G:/Unity/2020.3.0f1/Editor/Data/Resources/UnitySubsystems
[Subsystems] Discovering subsystems at path E:/Unity Projects/Oscilloscope/Assets
GfxDevice: creating device client; threaded=0
Direct3D:
    Version:  Direct3D 11.0 [level 11.1]
    Renderer: NVIDIA GeForce GTX 1060 6GB (ID=0x1c03)
    Vendor:   
    VRAM:     6052 MB
    Driver:   27.21.14.6192
Initialize mono
Mono path[0] = 'G:/Unity/2020.3.0f1/Editor/Data/Managed'
Mono path[1] = 'G:/Unity/2020.3.0f1/Editor/Data/MonoBleedingEdge/lib/mono/unityjit'
Mono config path = 'G:/Unity/2020.3.0f1/Editor/Data/MonoBleedingEdge/etc'
Using monoOptions --debugger-agent=transport=dt_socket,embedding=1,server=y,suspend=n,address=127.0.0.1:56940
Begin MonoManager ReloadAssembly
Registering precompiled unity dll's ...
Register platform support module: G:/Unity/2020.3.0f1/Editor/Data/PlaybackEngines/WindowsStandaloneSupport/UnityEditor.WindowsStandalone.Extensions.dll
Registered in 0.001401 seconds.
Native extension for WindowsStandalone target not found
Refreshing native plugins compatible for Editor in 26.02 ms, found 0 plugins.
Preloading 0 native plugins for Editor in 0.00 ms.
Invoked RoslynAnalysisRunner static constructor.
RoslynAnalysisRunner will not be running.
RoslynAnalysisRunner has terminated.
Mono: successfully reloaded assembly
- Completed reload, in  2.134 seconds
Platform modules already initialized, skipping
Registering precompiled user dll's ...
Registered in 0.000623 seconds.
Begin MonoManager ReloadAssembly
Native extension for WindowsStandalone target not found
Refreshing native plugins compatible for Editor in 0.26 ms, found 0 plugins.
Preloading 0 native plugins for Editor in 0.00 ms.
Invoked RoslynAnalysisRunner static constructor.
RoslynAnalysisRunner will not be running.
RoslynAnalysisRunner has terminated.
Mono: successfully reloaded assembly
- Completed reload, in  0.919 seconds
Platform modules already initialized, skipping
========================================================================
Worker process is ready to serve import requests
Launched and connected shader compiler UnityShaderCompiler.exe after 0.07 seconds
Refreshing native plugins compatible for Editor in 0.54 ms, found 0 plugins.
Preloading 0 native plugins for Editor in 0.00 ms.
Unloading 1237 Unused Serialized files (Serialized files now loaded: 0)
System memory in use before: 66.0 MB.
System memory in use after: 66.0 MB.

Unloading 10 unused Assets to reduce memory usage. Loaded Objects now: 1686.
Total: 2.103700 ms (FindLiveObjects: 0.226000 ms CreateObjectMapping: 0.053600 ms MarkObjects: 1.728600 ms  DeleteObjects: 0.093700 ms)

========================================================================
Received Import Request.
  path: Assets/ParticleTry.cs
  artifactKey: Guid(00b51cbb66b99b74fa3f3f240ab21f0b) Importer(815301076,1909f56bfc062723c751e8b465ee728b)
Start importing Assets/ParticleTry.cs using Guid(00b51cbb66b99b74fa3f3f240ab21f0b) Importer(815301076,1909f56bfc062723c751e8b465ee728b)  -> (artifact id: 'bf259b403e8de15be028cf1fe5a47b8a') in 0.027372 seconds
  Import took 0.029560 seconds .

========================================================================
Received Prepare
Refreshing native plugins compatible for Editor in 0.65 ms, found 0 plugins.
Preloading 0 native plugins for Editor in 0.00 ms.
Unloading 3 Unused Serialized files (Serialized files now loaded: 0)
System memory in use before: 39.8 MB.
System memory in use after: 39.9 MB.

Unloading 3 unused Assets to reduce memory usage. Loaded Objects now: 1686.
Total: 1.641600 ms (FindLiveObjects: 0.160100 ms CreateObjectMapping: 0.028400 ms MarkObjects: 1.393800 ms  DeleteObjects: 0.058300 ms)

========================================================================
Received Import Request.
  Time since last request: 100.803090 seconds.
  path: Assets/ParticleTry.cs
  artifactKey: Guid(00b51cbb66b99b74fa3f3f240ab21f0b) Importer(815301076,1909f56bfc062723c751e8b465ee728b)
Start importing Assets/ParticleTry.cs using Guid(00b51cbb66b99b74fa3f3f240ab21f0b) Importer(815301076,1909f56bfc062723c751e8b465ee728b)  -> (artifact id: 'cfeb1f5bc7d502566cf443dd2f9cf441') in 0.001576 seconds
  Import took 0.003570 seconds .

========================================================================
Received Prepare
Registering precompiled user dll's ...
Registered in 0.000597 seconds.
Begin MonoManager ReloadAssembly
Native extension for WindowsStandalone target not found
Refreshing native plugins compatible for Editor in 0.28 ms, found 0 plugins.
Preloading 0 native plugins for Editor in 0.00 ms.
Invoked RoslynAnalysisRunner static constructor.
RoslynAnalysisRunner will not be running.
RoslynAnalysisRunner has terminated.
Mono: successfully reloaded assembly
- Completed reload, in  0.795 seconds
Platform modules already initialized, skipping
Refreshing native plugins compatible for Editor in 0.30 ms, found 0 plugins.
Preloading 0 native plugins for Editor in 0.00 ms.
Unloading 1205 Unused Serialized files (Serialized files now loaded: 0)
System memory in use before: 63.8 MB.
System memory in use after: 63.9 MB.

Unloading 5 unused Assets to reduce memory usage. Loaded Objects now: 1689.
Total: 2.107500 ms (FindLiveObjects: 0.232700 ms CreateObjectMapping: 0.036800 ms MarkObjects: 1.768200 ms  DeleteObjects: 0.067800 ms)

========================================================================
Received Prepare
Registering precompiled user dll's ...
Registered in 0.000719 seconds.
Begin MonoManager ReloadAssembly
Native extension for WindowsStandalone target not found
Refreshing native plugins compatible for Editor in 0.26 ms, found 0 plugins.
Preloading 0 native plugins for Editor in 0.00 ms.
Invoked RoslynAnalysisRunner static constructor.
RoslynAnalysisRunner will not be running.
RoslynAnalysisRunner has terminated.
Mono: successfully reloaded assembly
- Completed reload, in  0.804 seconds
Platform modules already initialized, skipping
Refreshing native plugins compatible for Editor in 0.26 ms, found 0 plugins.
Preloading 0 native plugins for Editor in 0.00 ms.
Unloading 1205 Unused Serialized files (Serialized files now loaded: 0)
System memory in use before: 63.8 MB.
System memory in use after: 63.9 MB.

Unloading 5 unused Assets to reduce memory usage. Loaded Objects now: 1692.
Total: 1.642700 ms (FindLiveObjects: 0.153300 ms CreateObjectMapping: 0.030800 ms MarkObjects: 1.404700 ms  DeleteObjects: 0.053000 ms)

========================================================================
Received Prepare
Registering precompiled user dll's ...
Registered in 0.000573 seconds.
Begin MonoManager ReloadAssembly
Native extension for WindowsStandalone target not found
Refreshing native plugins compatible for Editor in 0.35 ms, found 0 plugins.
Preloading 0 native plugins for Editor in 0.00 ms.
Invoked RoslynAnalysisRunner static constructor.
RoslynAnalysisRunner will not be running.
RoslynAnalysisRunner has terminated.
Mono: successfully reloaded assembly
- Completed reload, in  0.822 seconds
Platform modules already initialized, skipping
Refreshing native plugins compatible for Editor in 0.25 ms, found 0 plugins.
Preloading 0 native plugins for Editor in 0.00 ms.
Unloading 1205 Unused Serialized files (Serialized files now loaded: 0)
System memory in use before: 63.8 MB.
System memory in use after: 63.9 MB.

Unloading 5 unused Assets to reduce memory usage. Loaded Objects now: 1695.
Total: 1.885200 ms (FindLiveObjects: 0.161600 ms CreateObjectMapping: 0.027900 ms MarkObjects: 1.642100 ms  DeleteObjects: 0.052700 ms)

========================================================================
Received Prepare
Registering precompiled user dll's ...
Registered in 0.000565 seconds.
Begin MonoManager ReloadAssembly
Native extension for WindowsStandalone target not found
Refreshing native plugins compatible for Editor in 0.37 ms, found 0 plugins.
Preloading 0 native plugins for Editor in 0.00 ms.
Invoked RoslynAnalysisRunner static constructor.
RoslynAnalysisRunner will not be running.
RoslynAnalysisRunner has terminated.
Mono: successfully reloaded assembly
- Completed reload, in  0.818 seconds
Platform modules already initialized, skipping
Refreshing native plugins compatible for Editor in 0.26 ms, found 0 plugins.
Preloading 0 native plugins for Editor in 0.00 ms.
Unloading 1205 Unused Serialized files (Serialized files now loaded: 0)
System memory in use before: 63.8 MB.
System memory in use after: 63.9 MB.

Unloading 5 unused Assets to reduce memory usage. Loaded Objects now: 1698.
Total: 1.874600 ms (FindLiveObjects: 0.180200 ms CreateObjectMapping: 0.031200 ms MarkObjects: 1.596300 ms  DeleteObjects: 0.065400 ms)

========================================================================
Received Prepare
Registering precompiled user dll's ...
Registered in 0.000687 seconds.
Begin MonoManager ReloadAssembly
Native extension for WindowsStandalone target not found
Refreshing native plugins compatible for Editor in 0.27 ms, found 0 plugins.
Preloading 0 native plugins for Editor in 0.00 ms.
Invoked RoslynAnalysisRunner static constructor.
RoslynAnalysisRunner will not be running.
RoslynAnalysisRunner has terminated.
Mono: successfully reloaded assembly
- Completed reload, in  0.824 seconds
Platform modules already initialized, skipping
Refreshing native plugins compatible for Editor in 0.26 ms, found 0 plugins.
Preloading 0 native plugins for Editor in 0.00 ms.
Unloading 1205 Unused Serialized files (Serialized files now loaded: 0)
System memory in use before: 63.8 MB.
System memory in use after: 63.9 MB.

Unloading 5 unused Assets to reduce memory usage. Loaded Objects now: 1701.
Total: 1.970000 ms (FindLiveObjects: 0.248000 ms CreateObjectMapping: 0.045600 ms MarkObjects: 1.607900 ms  DeleteObjects: 0.066600 ms)

========================================================================
Received Prepare
Registering precompiled user dll's ...
Registered in 0.000669 seconds.
Begin MonoManager ReloadAssembly
Native extension for WindowsStandalone target not found
Refreshing native plugins compatible for Editor in 0.35 ms, found 0 plugins.
Preloading 0 native plugins for Editor in 0.00 ms.
Invoked RoslynAnalysisRunner static constructor.
RoslynAnalysisRunner will not be running.
RoslynAnalysisRunner has terminated.
Mono: successfully reloaded assembly
- Completed reload, in  0.869 seconds
Platform modules already initialized, skipping
Refreshing native plugins compatible for Editor in 0.25 ms, found 0 plugins.
Preloading 0 native plugins for Editor in 0.00 ms.
Unloading 1205 Unused Serialized files (Serialized files now loaded: 0)
System memory in use before: 63.9 MB.
System memory in use after: 63.9 MB.

Unloading 5 unused Assets to reduce memory usage. Loaded Objects now: 1704.
Total: 1.748700 ms (FindLiveObjects: 0.169500 ms CreateObjectMapping: 0.029800 ms MarkObjects: 1.489300 ms  DeleteObjects: 0.059100 ms)

========================================================================
Received Prepare
Registering precompiled user dll's ...
Registered in 0.000824 seconds.
Begin MonoManager ReloadAssembly
Native extension for WindowsStandalone target not found
Refreshing native plugins compatible for Editor in 0.35 ms, found 0 plugins.
Preloading 0 native plugins for Editor in 0.00 ms.
Invoked RoslynAnalysisRunner static constructor.
RoslynAnalysisRunner will not be running.
RoslynAnalysisRunner has terminated.
Mono: successfully reloaded assembly
- Completed reload, in  0.819 seconds
Platform modules already initialized, skipping
Refreshing native plugins compatible for Editor in 0.31 ms, found 0 plugins.
Preloading 0 native plugins for Editor in 0.00 ms.
Unloading 1205 Unused Serialized files (Serialized files now loaded: 0)
System memory in use before: 63.9 MB.
System memory in use after: 63.9 MB.

Unloading 5 unused Assets to reduce memory usage. Loaded Objects now: 1707.
Total: 1.706900 ms (FindLiveObjects: 0.150500 ms CreateObjectMapping: 0.029300 ms MarkObjects: 1.473200 ms  DeleteObjects: 0.052700 ms)

========================================================================
Received Import Request.
  Time since last request: 517.352196 seconds.
  path: Assets/ParticlesUnlit.mat
  artifactKey: Guid(90d4231f90e1d4543b27c1b72e127b09) Importer(815301076,1909f56bfc062723c751e8b465ee728b)
Start importing Assets/ParticlesUnlit.mat using Guid(90d4231f90e1d4543b27c1b72e127b09) Importer(815301076,1909f56bfc062723c751e8b465ee728b)  -> (artifact id: '571ac0e30fc060612be6ae3ed1455cf5') in 0.131068 seconds
  Import took 0.133268 seconds .

========================================================================
Received Prepare
Registering precompiled user dll's ...
Registered in 0.000746 seconds.
Begin MonoManager ReloadAssembly
Native extension for WindowsStandalone target not found
Refreshing native plugins compatible for Editor in 0.26 ms, found 0 plugins.
Preloading 0 native plugins for Editor in 0.00 ms.
Invoked RoslynAnalysisRunner static constructor.
RoslynAnalysisRunner will not be running.
RoslynAnalysisRunner has terminated.
Mono: successfully reloaded assembly
- Completed reload, in  0.817 seconds
Platform modules already initialized, skipping
Refreshing native plugins compatible for Editor in 0.25 ms, found 0 plugins.
Preloading 0 native plugins for Editor in 0.00 ms.
Unloading 1205 Unused Serialized files (Serialized files now loaded: 0)
System memory in use before: 67.2 MB.
System memory in use after: 67.3 MB.

Unloading 6 unused Assets to reduce memory usage. Loaded Objects now: 1750.
Total: 2.230100 ms (FindLiveObjects: 0.287900 ms CreateObjectMapping: 0.033900 ms MarkObjects: 1.832400 ms  DeleteObjects: 0.073500 ms)

========================================================================
Received Prepare
Registering precompiled user dll's ...
Registered in 0.000616 seconds.
Begin MonoManager ReloadAssembly
Native extension for WindowsStandalone target not found
Refreshing native plugins compatible for Editor in 0.40 ms, found 0 plugins.
Preloading 0 native plugins for Editor in 0.00 ms.
Invoked RoslynAnalysisRunner static constructor.
RoslynAnalysisRunner will not be running.
RoslynAnalysisRunner has terminated.
Mono: successfully reloaded assembly
- Completed reload, in  0.796 seconds
Platform modules already initialized, skipping
Refreshing native plugins compatible for Editor in 0.26 ms, found 0 plugins.
Preloading 0 native plugins for Editor in 0.00 ms.
Unloading 1205 Unused Serialized files (Serialized files now loaded: 0)
System memory in use before: 67.2 MB.
System memory in use after: 67.3 MB.

Unloading 5 unused Assets to reduce memory usage. Loaded Objects now: 1753.
Total: 1.773100 ms (FindLiveObjects: 0.182400 ms CreateObjectMapping: 0.031500 ms MarkObjects: 1.491500 ms  DeleteObjects: 0.066100 ms)

========================================================================
Received Prepare
Registering precompiled user dll's ...
Registered in 0.000663 seconds.
Begin MonoManager ReloadAssembly
Native extension for WindowsStandalone target not found
Refreshing native plugins compatible for Editor in 0.26 ms, found 0 plugins.
Preloading 0 native plugins for Editor in 0.00 ms.
Invoked RoslynAnalysisRunner static constructor.
RoslynAnalysisRunner will not be running.
RoslynAnalysisRunner has terminated.
Mono: successfully reloaded assembly
- Completed reload, in  0.813 seconds
Platform modules already initialized, skipping
Refreshing native plugins compatible for Editor in 0.25 ms, found 0 plugins.
Preloading 0 native plugins for Editor in 0.00 ms.
Unloading 1205 Unused Serialized files (Serialized files now loaded: 0)
System memory in use before: 67.2 MB.
System memory in use after: 67.3 MB.

Unloading 5 unused Assets to reduce memory usage. Loaded Objects now: 1756.
Total: 1.676700 ms (FindLiveObjects: 0.174800 ms CreateObjectMapping: 0.029300 ms MarkObjects: 1.417900 ms  DeleteObjects: 0.053900 ms)

========================================================================
Received Prepare
Registering precompiled user dll's ...
Registered in 0.001044 seconds.
Begin MonoManager ReloadAssembly
Native extension for WindowsStandalone target not found
Refreshing native plugins compatible for Editor in 0.26 ms, found 0 plugins.
Preloading 0 native plugins for Editor in 0.00 ms.
Invoked RoslynAnalysisRunner static constructor.
RoslynAnalysisRunner will not be running.
RoslynAnalysisRunner has terminated.
Mono: successfully reloaded assembly
- Completed reload, in  0.860 seconds
Platform modules already initialized, skipping
Refreshing native plugins compatible for Editor in 0.43 ms, found 0 plugins.
Preloading 0 native plugins for Editor in 0.00 ms.
Unloading 1205 Unused Serialized files (Serialized files now loaded: 0)
System memory in use before: 67.3 MB.
System memory in use after: 67.3 MB.

Unloading 5 unused Assets to reduce memory usage. Loaded Objects now: 1759.
Total: 3.176400 ms (FindLiveObjects: 0.221400 ms CreateObjectMapping: 0.044500 ms MarkObjects: 2.823300 ms  DeleteObjects: 0.085800 ms)

========================================================================
Received Prepare
Registering precompiled user dll's ...
Registered in 0.000642 seconds.
Begin MonoManager ReloadAssembly
Native extension for WindowsStandalone target not found
Refreshing native plugins compatible for Editor in 0.31 ms, found 0 plugins.
Preloading 0 native plugins for Editor in 0.00 ms.
Invoked RoslynAnalysisRunner static constructor.
RoslynAnalysisRunner will not be running.
RoslynAnalysisRunner has terminated.
Mono: successfully reloaded assembly
- Completed reload, in  0.844 seconds
Platform modules already initialized, skipping
Refreshing native plugins compatible for Editor in 0.43 ms, found 0 plugins.
Preloading 0 native plugins for Editor in 0.00 ms.
Unloading 1205 Unused Serialized files (Serialized files now loaded: 0)
System memory in use before: 67.3 MB.
System memory in use after: 67.3 MB.

Unloading 5 unused Assets to reduce memory usage. Loaded Objects now: 1762.
Total: 2.162000 ms (FindLiveObjects: 0.217200 ms CreateObjectMapping: 0.029600 ms MarkObjects: 1.847700 ms  DeleteObjects: 0.066000 ms)

========================================================================
Received Import Request.
  Time since last request: 681.775440 seconds.
  path: Assets/Particle System.prefab
  artifactKey: Guid(7105cf455e64b50478dbe3963b0e13b8) Importer(815301076,1909f56bfc062723c751e8b465ee728b)
Start importing Assets/Particle System.prefab using Guid(7105cf455e64b50478dbe3963b0e13b8) Importer(815301076,1909f56bfc062723c751e8b465ee728b)  -> (artifact id: '9a5d250a0c1378cfc27b30932eded525') in 0.037584 seconds
  Import took 0.040395 seconds .

========================================================================
Received Import Request.
  Time since last request: 6.665511 seconds.
  path: Assets/Particle System.prefab
  artifactKey: Guid(7105cf455e64b50478dbe3963b0e13b8) Importer(815301076,1909f56bfc062723c751e8b465ee728b)
Start importing Assets/Particle System.prefab using Guid(7105cf455e64b50478dbe3963b0e13b8) Importer(815301076,1909f56bfc062723c751e8b465ee728b)  -> (artifact id: '4143a603b0ce793d38fe4f62d38a580a') in 0.008266 seconds
  Import took 0.010882 seconds .

========================================================================
Received Import Request.
  Time since last request: 0.009910 seconds.
  path: Assets/Particle System.prefab
  artifactKey: Guid(7105cf455e64b50478dbe3963b0e13b8) Importer(815301076,1909f56bfc062723c751e8b465ee728b)
Start importing Assets/Particle System.prefab using Guid(7105cf455e64b50478dbe3963b0e13b8) Importer(815301076,1909f56bfc062723c751e8b465ee728b)  -> (artifact id: '4143a603b0ce793d38fe4f62d38a580a') in 0.004056 seconds
  Import took 0.006293 seconds .

========================================================================
Received Import Request.
  Time since last request: 4.334661 seconds.
  path: Assets/Particle System.prefab
  artifactKey: Guid(7105cf455e64b50478dbe3963b0e13b8) Importer(815301076,1909f56bfc062723c751e8b465ee728b)
Start importing Assets/Particle System.prefab using Guid(7105cf455e64b50478dbe3963b0e13b8) Importer(815301076,1909f56bfc062723c751e8b465ee728b)  -> (artifact id: 'f7b6e69f6af5037978d369c81c1a1c95') in 0.007223 seconds
  Import took 0.009488 seconds .

========================================================================
Received Import Request.
  Time since last request: 0.008115 seconds.
  path: Assets/Particle System.prefab
  artifactKey: Guid(7105cf455e64b50478dbe3963b0e13b8) Importer(815301076,1909f56bfc062723c751e8b465ee728b)
Start importing Assets/Particle System.prefab using Guid(7105cf455e64b50478dbe3963b0e13b8) Importer(815301076,1909f56bfc062723c751e8b465ee728b)  -> (artifact id: 'f7b6e69f6af5037978d369c81c1a1c95') in 0.003536 seconds
  Import took 0.005833 seconds .

========================================================================
Received Import Request.
  Time since last request: 4.725084 seconds.
  path: Assets/Particle System.prefab
  artifactKey: Guid(7105cf455e64b50478dbe3963b0e13b8) Importer(815301076,1909f56bfc062723c751e8b465ee728b)
Start importing Assets/Particle System.prefab using Guid(7105cf455e64b50478dbe3963b0e13b8) Importer(815301076,1909f56bfc062723c751e8b465ee728b)  -> (artifact id: '82d379c3d5b334cf70da8886a74bba8a') in 0.006988 seconds
  Import took 0.009994 seconds .

========================================================================
Received Import Request.
  Time since last request: 0.003952 seconds.
  path: Assets/Particle System.prefab
  artifactKey: Guid(7105cf455e64b50478dbe3963b0e13b8) Importer(815301076,1909f56bfc062723c751e8b465ee728b)
Start importing Assets/Particle System.prefab using Guid(7105cf455e64b50478dbe3963b0e13b8) Importer(815301076,1909f56bfc062723c751e8b465ee728b)  -> (artifact id: '82d379c3d5b334cf70da8886a74bba8a') in 0.003202 seconds
  Import took 0.005457 seconds .

========================================================================
Received Import Request.
  Time since last request: 9.711972 seconds.
  path: Assets/Particle System.prefab
  artifactKey: Guid(7105cf455e64b50478dbe3963b0e13b8) Importer(815301076,1909f56bfc062723c751e8b465ee728b)
Start importing Assets/Particle System.prefab using Guid(7105cf455e64b50478dbe3963b0e13b8) Importer(815301076,1909f56bfc062723c751e8b465ee728b)  -> (artifact id: 'a2f28baa9a09ac9ceaf04c8615b09a1e') in 0.009167 seconds
  Import took 0.011873 seconds .

========================================================================
Received Import Request.
  Time since last request: 0.009112 seconds.
  path: Assets/Particle System.prefab
  artifactKey: Guid(7105cf455e64b50478dbe3963b0e13b8) Importer(815301076,1909f56bfc062723c751e8b465ee728b)
Start importing Assets/Particle System.prefab using Guid(7105cf455e64b50478dbe3963b0e13b8) Importer(815301076,1909f56bfc062723c751e8b465ee728b)  -> (artifact id: 'a2f28baa9a09ac9ceaf04c8615b09a1e') in 0.003525 seconds
  Import took 0.006257 seconds .

========================================================================
Received Import Request.
  Time since last request: 3.210667 seconds.
  path: Assets/Particle System.prefab
  artifactKey: Guid(7105cf455e64b50478dbe3963b0e13b8) Importer(815301076,1909f56bfc062723c751e8b465ee728b)
Start importing Assets/Particle System.prefab using Guid(7105cf455e64b50478dbe3963b0e13b8) Importer(815301076,1909f56bfc062723c751e8b465ee728b)  -> (artifact id: 'ecdda1c551ff3a59bc77e2e38ed100e6') in 0.006513 seconds
  Import took 0.008849 seconds .

========================================================================
Received Import Request.
  Time since last request: 0.008268 seconds.
  path: Assets/Particle System.prefab
  artifactKey: Guid(7105cf455e64b50478dbe3963b0e13b8) Importer(815301076,1909f56bfc062723c751e8b465ee728b)
Start importing Assets/Particle System.prefab using Guid(7105cf455e64b50478dbe3963b0e13b8) Importer(815301076,1909f56bfc062723c751e8b465ee728b)  -> (artifact id: 'ecdda1c551ff3a59bc77e2e38ed100e6') in 0.003156 seconds
  Import took 0.005251 seconds .

========================================================================
Received Import Request.
  Time since last request: 8.669253 seconds.
  path: Assets/Particle System.prefab
  artifactKey: Guid(7105cf455e64b50478dbe3963b0e13b8) Importer(815301076,1909f56bfc062723c751e8b465ee728b)
Start importing Assets/Particle System.prefab using Guid(7105cf455e64b50478dbe3963b0e13b8) Importer(815301076,1909f56bfc062723c751e8b465ee728b)  -> (artifact id: '549ed7c249ca89dc9a1bef9f69a200df') in 0.007128 seconds
  Import took 0.010384 seconds .

========================================================================
Received Import Request.
  Time since last request: 0.006766 seconds.
  path: Assets/Particle System.prefab
  artifactKey: Guid(7105cf455e64b50478dbe3963b0e13b8) Importer(815301076,1909f56bfc062723c751e8b465ee728b)
Start importing Assets/Particle System.prefab using Guid(7105cf455e64b50478dbe3963b0e13b8) Importer(815301076,1909f56bfc062723c751e8b465ee728b)  -> (artifact id: '549ed7c249ca89dc9a1bef9f69a200df') in 0.003439 seconds
  Import took 0.005725 seconds .

========================================================================
Received Import Request.
  Time since last request: 126.719366 seconds.
  path: Assets/Particle System.prefab
  artifactKey: Guid(7105cf455e64b50478dbe3963b0e13b8) Importer(815301076,1909f56bfc062723c751e8b465ee728b)
Start importing Assets/Particle System.prefab using Guid(7105cf455e64b50478dbe3963b0e13b8) Importer(815301076,1909f56bfc062723c751e8b465ee728b)  -> (artifact id: '313c44c204eff1345eba08c479339df8') in 0.008194 seconds
  Import took 0.011234 seconds .

========================================================================
Received Import Request.
  Time since last request: 0.005758 seconds.
  path: Assets/Particle System.prefab
  artifactKey: Guid(7105cf455e64b50478dbe3963b0e13b8) Importer(815301076,1909f56bfc062723c751e8b465ee728b)
Start importing Assets/Particle System.prefab using Guid(7105cf455e64b50478dbe3963b0e13b8) Importer(815301076,1909f56bfc062723c751e8b465ee728b)  -> (artifact id: '313c44c204eff1345eba08c479339df8') in 0.003392 seconds
  Import took 0.005631 seconds .

========================================================================
Received Prepare
Registering precompiled user dll's ...
Registered in 0.000929 seconds.
Begin MonoManager ReloadAssembly
Native extension for WindowsStandalone target not found
Refreshing native plugins compatible for Editor in 0.26 ms, found 0 plugins.
Preloading 0 native plugins for Editor in 0.00 ms.
Invoked RoslynAnalysisRunner static constructor.
RoslynAnalysisRunner will not be running.
RoslynAnalysisRunner has terminated.
Mono: successfully reloaded assembly
- Completed reload, in  0.846 seconds
Platform modules already initialized, skipping
Refreshing native plugins compatible for Editor in 0.38 ms, found 0 plugins.
Preloading 0 native plugins for Editor in 0.00 ms.
Unloading 1205 Unused Serialized files (Serialized files now loaded: 0)
System memory in use before: 67.3 MB.
System memory in use after: 67.4 MB.

Unloading 5 unused Assets to reduce memory usage. Loaded Objects now: 1765.
Total: 2.857400 ms (FindLiveObjects: 0.436400 ms CreateObjectMapping: 0.127600 ms MarkObjects: 2.217700 ms  DeleteObjects: 0.073500 ms)

========================================================================
Received Prepare
Registering precompiled user dll's ...
Registered in 0.000684 seconds.
Begin MonoManager ReloadAssembly
Native extension for WindowsStandalone target not found
Refreshing native plugins compatible for Editor in 0.29 ms, found 0 plugins.
Preloading 0 native plugins for Editor in 0.00 ms.
Invoked RoslynAnalysisRunner static constructor.
RoslynAnalysisRunner will not be running.
RoslynAnalysisRunner has terminated.
Mono: successfully reloaded assembly
- Completed reload, in  0.835 seconds
Platform modules already initialized, skipping
Refreshing native plugins compatible for Editor in 0.39 ms, found 0 plugins.
Preloading 0 native plugins for Editor in 0.00 ms.
Unloading 1205 Unused Serialized files (Serialized files now loaded: 0)
System memory in use before: 67.3 MB.
System memory in use after: 67.4 MB.

Unloading 5 unused Assets to reduce memory usage. Loaded Objects now: 1768.
Total: 2.177700 ms (FindLiveObjects: 0.358500 ms CreateObjectMapping: 0.053800 ms MarkObjects: 1.693700 ms  DeleteObjects: 0.069900 ms)

========================================================================
Received Prepare
Registering precompiled user dll's ...
Registered in 0.000807 seconds.
Begin MonoManager ReloadAssembly
Native extension for WindowsStandalone target not found
Refreshing native plugins compatible for Editor in 0.25 ms, found 0 plugins.
Preloading 0 native plugins for Editor in 0.00 ms.
Invoked RoslynAnalysisRunner static constructor.
RoslynAnalysisRunner will not be running.
RoslynAnalysisRunner has terminated.
Mono: successfully reloaded assembly
- Completed reload, in  0.880 seconds
Platform modules already initialized, skipping
Refreshing native plugins compatible for Editor in 0.94 ms, found 0 plugins.
Preloading 0 native plugins for Editor in 0.00 ms.
Unloading 1205 Unused Serialized files (Serialized files now loaded: 0)
System memory in use before: 67.3 MB.
System memory in use after: 67.4 MB.

Unloading 5 unused Assets to reduce memory usage. Loaded Objects now: 1771.
Total: 2.285400 ms (FindLiveObjects: 0.235700 ms CreateObjectMapping: 0.038400 ms MarkObjects: 1.946000 ms  DeleteObjects: 0.063600 ms)

========================================================================
Received Import Request.
  Time since last request: 2934.392557 seconds.
  path: Assets/Models/Oscilloscope/Models/Oscilloscope.FBX
  artifactKey: Guid(19f2e484e99ea6a4588b5597849b889b) Importer(815301076,1909f56bfc062723c751e8b465ee728b)
Start importing Assets/Models/Oscilloscope/Models/Oscilloscope.FBX using Guid(19f2e484e99ea6a4588b5597849b889b) Importer(815301076,1909f56bfc062723c751e8b465ee728b)  -> (artifact id: '52c02aed6a6466fbe7f632a4036b55a5') in 0.674289 seconds
  Import took 0.684327 seconds .

========================================================================
Received Import Request.
  Time since last request: 0.000310 seconds.
  path: Assets/Warehouse/Meshes/Warhouse.FBX
  artifactKey: Guid(9db5af380708fca488aef2c9c4b002e2) Importer(815301076,1909f56bfc062723c751e8b465ee728b)
Start importing Assets/Warehouse/Meshes/Warhouse.FBX using Guid(9db5af380708fca488aef2c9c4b002e2) Importer(815301076,1909f56bfc062723c751e8b465ee728b)  -> (artifact id: 'ae43a1f5b01d74a7809a025cc63429a1') in 1.866408 seconds
  Import took 1.874868 seconds .

========================================================================
Received Import Request.
  Time since last request: 0.000218 seconds.
  path: Assets/Models/Oscilloscope/Models/Oscilloscope.FBX
  artifactKey: Guid(19f2e484e99ea6a4588b5597849b889b) Importer(815301076,1909f56bfc062723c751e8b465ee728b)
Start importing Assets/Models/Oscilloscope/Models/Oscilloscope.FBX using Guid(19f2e484e99ea6a4588b5597849b889b) Importer(815301076,1909f56bfc062723c751e8b465ee728b)  -> (artifact id: '52c02aed6a6466fbe7f632a4036b55a5') in 0.424887 seconds
  Import took 0.434831 seconds .

========================================================================
Received Import Request.
  Time since last request: 2.877735 seconds.
  path: Assets/Plane.prefab
  artifactKey: Guid(10b2698564766f24db2a99ec8678d571) Importer(815301076,1909f56bfc062723c751e8b465ee728b)
Start importing Assets/Plane.prefab using Guid(10b2698564766f24db2a99ec8678d571) Importer(815301076,1909f56bfc062723c751e8b465ee728b)  -> (artifact id: '57cdb56ed7524c79f586f821599eaa5d') in 0.010785 seconds
  Import took 0.012951 seconds .

========================================================================
Received Import Request.
  Time since last request: 0.004050 seconds.
  path: Assets/Plane.prefab
  artifactKey: Guid(10b2698564766f24db2a99ec8678d571) Importer(815301076,1909f56bfc062723c751e8b465ee728b)
Start importing Assets/Plane.prefab using Guid(10b2698564766f24db2a99ec8678d571) Importer(815301076,1909f56bfc062723c751e8b465ee728b)  -> (artifact id: '57cdb56ed7524c79f586f821599eaa5d') in 0.005923 seconds
  Import took 0.007924 seconds .

========================================================================
Received Prepare
Registering precompiled user dll's ...
Registered in 0.000595 seconds.
Begin MonoManager ReloadAssembly
Native extension for WindowsStandalone target not found
Refreshing native plugins compatible for Editor in 0.26 ms, found 0 plugins.
Preloading 0 native plugins for Editor in 0.00 ms.
Invoked RoslynAnalysisRunner static constructor.
RoslynAnalysisRunner will not be running.
RoslynAnalysisRunner has terminated.
Mono: successfully reloaded assembly
- Completed reload, in  0.847 seconds
Platform modules already initialized, skipping
Refreshing native plugins compatible for Editor in 0.26 ms, found 0 plugins.
Preloading 0 native plugins for Editor in 0.00 ms.
Unloading 1205 Unused Serialized files (Serialized files now loaded: 0)
System memory in use before: 67.9 MB.
System memory in use after: 68.0 MB.

Unloading 6 unused Assets to reduce memory usage. Loaded Objects now: 1779.
Total: 1.802000 ms (FindLiveObjects: 0.172700 ms CreateObjectMapping: 0.028800 ms MarkObjects: 1.537200 ms  DeleteObjects: 0.062500 ms)

========================================================================
Received Import Request.
  Time since last request: 276.107522 seconds.
  path: Assets/Particle.FBX
  artifactKey: Guid(999a5626c7f8d594ba111084f7e379e7) Importer(815301076,1909f56bfc062723c751e8b465ee728b)
Start importing Assets/Particle.FBX using Guid(999a5626c7f8d594ba111084f7e379e7) Importer(815301076,1909f56bfc062723c751e8b465ee728b)  -> (artifact id: 'd4b227ab1e406310ff2f81648fed2733') in 0.090811 seconds
  Import took 0.093403 seconds .

========================================================================
Received Prepare
Registering precompiled user dll's ...
Registered in 0.000768 seconds.
Begin MonoManager ReloadAssembly
Native extension for WindowsStandalone target not found
Refreshing native plugins compatible for Editor in 0.26 ms, found 0 plugins.
Preloading 0 native plugins for Editor in 0.00 ms.
Invoked RoslynAnalysisRunner static constructor.
RoslynAnalysisRunner will not be running.
RoslynAnalysisRunner has terminated.
Mono: successfully reloaded assembly
- Completed reload, in  0.882 seconds
Platform modules already initialized, skipping
Refreshing native plugins compatible for Editor in 0.42 ms, found 0 plugins.
Preloading 0 native plugins for Editor in 0.00 ms.
Unloading 1205 Unused Serialized files (Serialized files now loaded: 0)
System memory in use before: 68.0 MB.
System memory in use after: 68.0 MB.

Unloading 6 unused Assets to reduce memory usage. Loaded Objects now: 1783.
Total: 2.322200 ms (FindLiveObjects: 0.251600 ms CreateObjectMapping: 0.043400 ms MarkObjects: 1.952200 ms  DeleteObjects: 0.073900 ms)

========================================================================
Received Import Request.
  Time since last request: 128.105619 seconds.
  path: Assets/ParticlesUnlit.mat
  artifactKey: Guid(90d4231f90e1d4543b27c1b72e127b09) Importer(815301076,1909f56bfc062723c751e8b465ee728b)
Start importing Assets/ParticlesUnlit.mat using Guid(90d4231f90e1d4543b27c1b72e127b09) Importer(815301076,1909f56bfc062723c751e8b465ee728b)  -> (artifact id: 'aeb0ee665634bedc2f3322cf7b4f8fa5') in 0.069595 seconds
  Import took 0.072107 seconds .

========================================================================
Received Prepare
Registering precompiled user dll's ...
Registered in 0.000635 seconds.
Begin MonoManager ReloadAssembly
Native extension for WindowsStandalone target not found
Refreshing native plugins compatible for Editor in 0.25 ms, found 0 plugins.
Preloading 0 native plugins for Editor in 0.00 ms.
Invoked RoslynAnalysisRunner static constructor.
RoslynAnalysisRunner will not be running.
RoslynAnalysisRunner has terminated.
Mono: successfully reloaded assembly
- Completed reload, in  0.837 seconds
Platform modules already initialized, skipping
Refreshing native plugins compatible for Editor in 0.26 ms, found 0 plugins.
Preloading 0 native plugins for Editor in 0.00 ms.
Unloading 1205 Unused Serialized files (Serialized files now loaded: 0)
System memory in use before: 68.0 MB.
System memory in use after: 68.1 MB.

Unloading 6 unused Assets to reduce memory usage. Loaded Objects now: 1788.
Total: 1.949800 ms (FindLiveObjects: 0.178600 ms CreateObjectMapping: 0.029400 ms MarkObjects: 1.646000 ms  DeleteObjects: 0.094400 ms)

========================================================================
Received Prepare
Registering precompiled user dll's ...
Registered in 0.000597 seconds.
Begin MonoManager ReloadAssembly
Native extension for WindowsStandalone target not found
Refreshing native plugins compatible for Editor in 0.26 ms, found 0 plugins.
Preloading 0 native plugins for Editor in 0.00 ms.
Invoked RoslynAnalysisRunner static constructor.
RoslynAnalysisRunner will not be running.
RoslynAnalysisRunner has terminated.
Mono: successfully reloaded assembly
- Completed reload, in  0.856 seconds
Platform modules already initialized, skipping
Refreshing native plugins compatible for Editor in 0.25 ms, found 0 plugins.
Preloading 0 native plugins for Editor in 0.00 ms.
Unloading 1205 Unused Serialized files (Serialized files now loaded: 0)
System memory in use before: 68.0 MB.
System memory in use after: 68.1 MB.

Unloading 5 unused Assets to reduce memory usage. Loaded Objects now: 1791.
Total: 2.309500 ms (FindLiveObjects: 0.245200 ms CreateObjectMapping: 0.041100 ms MarkObjects: 1.920400 ms  DeleteObjects: 0.100600 ms)

========================================================================
Received Prepare
Registering precompiled user dll's ...
Registered in 0.000617 seconds.
Begin MonoManager ReloadAssembly
Native extension for WindowsStandalone target not found
Refreshing native plugins compatible for Editor in 0.35 ms, found 0 plugins.
Preloading 0 native plugins for Editor in 0.00 ms.
Invoked RoslynAnalysisRunner static constructor.
RoslynAnalysisRunner will not be running.
RoslynAnalysisRunner has terminated.
Mono: successfully reloaded assembly
- Completed reload, in  0.861 seconds
Platform modules already initialized, skipping
Refreshing native plugins compatible for Editor in 0.28 ms, found 0 plugins.
Preloading 0 native plugins for Editor in 0.00 ms.
Unloading 1205 Unused Serialized files (Serialized files now loaded: 0)
System memory in use before: 68.0 MB.
System memory in use after: 68.1 MB.

Unloading 5 unused Assets to reduce memory usage. Loaded Objects now: 1794.
Total: 2.251400 ms (FindLiveObjects: 0.265000 ms CreateObjectMapping: 0.048200 ms MarkObjects: 1.873100 ms  DeleteObjects: 0.063200 ms)

========================================================================
Received Import Request.
  Time since last request: 133.693068 seconds.
  path: Assets/Models/Oscilloscope
  artifactKey: Guid(8a16bdb86a6e104459cd415ee6e098f3) Importer(815301076,1909f56bfc062723c751e8b465ee728b)
Start importing Assets/Models/Oscilloscope using Guid(8a16bdb86a6e104459cd415ee6e098f3) Importer(815301076,1909f56bfc062723c751e8b465ee728b)  -> (artifact id: '1e9c339ed0fb0884445873a47c9c8a03') in 0.004435 seconds
  Import took 0.006638 seconds .

========================================================================
Received Import Request.
  Time since last request: 0.000442 seconds.
  path: Assets/Models/Oscilloscope
  artifactKey: Guid(8a16bdb86a6e104459cd415ee6e098f3) Importer(815301076,1909f56bfc062723c751e8b465ee728b)
Start importing Assets/Models/Oscilloscope using Guid(8a16bdb86a6e104459cd415ee6e098f3) Importer(815301076,1909f56bfc062723c751e8b465ee728b)  -> (artifact id: '1e9c339ed0fb0884445873a47c9c8a03') in 0.001662 seconds
  Import took 0.004023 seconds .

========================================================================
Received Import Request.
  Time since last request: 1.365063 seconds.
  path: Assets/Models/Oscilloscope/Materials
  artifactKey: Guid(cfbc73ef5c6e72e49aec93f79480edb9) Importer(815301076,1909f56bfc062723c751e8b465ee728b)
Start importing Assets/Models/Oscilloscope/Materials using Guid(cfbc73ef5c6e72e49aec93f79480edb9) Importer(815301076,1909f56bfc062723c751e8b465ee728b)  -> (artifact id: '52d5dead55315dc02481e1ff27de6e38') in 0.001727 seconds
  Import took 0.003755 seconds .

========================================================================
Received Import Request.
  Time since last request: 0.709502 seconds.
  path: Assets/Models/Oscilloscope/Models
  artifactKey: Guid(00fb246a1406f474dabf15d1aafbe462) Importer(815301076,1909f56bfc062723c751e8b465ee728b)
Start importing Assets/Models/Oscilloscope/Models using Guid(00fb246a1406f474dabf15d1aafbe462) Importer(815301076,1909f56bfc062723c751e8b465ee728b)  -> (artifact id: '40e6a512cce637c7ee21c0a675cce8b5') in 0.002241 seconds
  Import took 0.004976 seconds .

========================================================================
Received Import Request.
  Time since last request: 0.001182 seconds.
  path: Assets/Models/Oscilloscope/Models
  artifactKey: Guid(00fb246a1406f474dabf15d1aafbe462) Importer(815301076,1909f56bfc062723c751e8b465ee728b)
Start importing Assets/Models/Oscilloscope/Models using Guid(00fb246a1406f474dabf15d1aafbe462) Importer(815301076,1909f56bfc062723c751e8b465ee728b)  -> (artifact id: '40e6a512cce637c7ee21c0a675cce8b5') in 0.001735 seconds
  Import took 0.003872 seconds .

========================================================================
Received Import Request.
  Time since last request: 6.177751 seconds.
  path: Assets
  artifactKey: Guid(00000000000000001000000000000000) Importer(815301076,1909f56bfc062723c751e8b465ee728b)
Start importing Assets using Guid(00000000000000001000000000000000) Importer(815301076,1909f56bfc062723c751e8b465ee728b)  -> (artifact id: '42baae205c97e3337697759514652acd') in 0.001649 seconds
  Import took 0.004101 seconds .

========================================================================
Received Import Request.
  Time since last request: 0.000735 seconds.
  path: Assets
  artifactKey: Guid(00000000000000001000000000000000) Importer(815301076,1909f56bfc062723c751e8b465ee728b)
Start importing Assets using Guid(00000000000000001000000000000000) Importer(815301076,1909f56bfc062723c751e8b465ee728b)  -> (artifact id: '42baae205c97e3337697759514652acd') in 0.001812 seconds
  Import took 0.003990 seconds .

========================================================================
Received Import Request.
  Time since last request: 12.596713 seconds.
  path: Assets/Scripts
  artifactKey: Guid(f47c143522ff5504c9267d3f86568644) Importer(815301076,1909f56bfc062723c751e8b465ee728b)
Start importing Assets/Scripts using Guid(f47c143522ff5504c9267d3f86568644) Importer(815301076,1909f56bfc062723c751e8b465ee728b)  -> (artifact id: 'c858f11cc8c77ee6ab11d5fa8b380434') in 0.002066 seconds
  Import took 0.004180 seconds .

========================================================================
Received Import Request.
  Time since last request: 1.410775 seconds.
  path: Assets/Scripts/SimpleCameraController.cs
  artifactKey: Guid(be76e5f14cfee674cb30b491fb72b09b) Importer(815301076,1909f56bfc062723c751e8b465ee728b)
Start importing Assets/Scripts/SimpleCameraController.cs using Guid(be76e5f14cfee674cb30b491fb72b09b) Importer(815301076,1909f56bfc062723c751e8b465ee728b)  -> (artifact id: '7c2dee7d6836e3b03ef1e0893a05e267') in 0.001865 seconds
  Import took 0.004322 seconds .

========================================================================
Received Import Request.
  Time since last request: 0.003867 seconds.
  path: Assets/Scripts/SimpleCameraController.cs
  artifactKey: Guid(be76e5f14cfee674cb30b491fb72b09b) Importer(815301076,1909f56bfc062723c751e8b465ee728b)
Start importing Assets/Scripts/SimpleCameraController.cs using Guid(be76e5f14cfee674cb30b491fb72b09b) Importer(815301076,1909f56bfc062723c751e8b465ee728b)  -> (artifact id: '7c2dee7d6836e3b03ef1e0893a05e267') in 0.002043 seconds
  Import took 0.004241 seconds .

========================================================================
Received Import Request.
  Time since last request: 2.681541 seconds.
  path: Assets/Special.cs
  artifactKey: Guid(4b5ff09167ab4d64e8b1e008323087ec) Importer(815301076,1909f56bfc062723c751e8b465ee728b)
Start importing Assets/Special.cs using Guid(4b5ff09167ab4d64e8b1e008323087ec) Importer(815301076,1909f56bfc062723c751e8b465ee728b)  -> (artifact id: '11a670f7975155f1e7fa16c3a63b3510') in 0.001694 seconds
  Import took 0.003726 seconds .

========================================================================
Received Import Request.
  Time since last request: 0.003430 seconds.
  path: Assets/Special.cs
  artifactKey: Guid(4b5ff09167ab4d64e8b1e008323087ec) Importer(815301076,1909f56bfc062723c751e8b465ee728b)
Start importing Assets/Special.cs using Guid(4b5ff09167ab4d64e8b1e008323087ec) Importer(815301076,1909f56bfc062723c751e8b465ee728b)  -> (artifact id: '11a670f7975155f1e7fa16c3a63b3510') in 0.001850 seconds
  Import took 0.004221 seconds .

========================================================================
Received Import Request.
  Time since last request: 0.672238 seconds.
  path: Assets/ParticleTry.cs
  artifactKey: Guid(00b51cbb66b99b74fa3f3f240ab21f0b) Importer(815301076,1909f56bfc062723c751e8b465ee728b)
Start importing Assets/ParticleTry.cs using Guid(00b51cbb66b99b74fa3f3f240ab21f0b) Importer(815301076,1909f56bfc062723c751e8b465ee728b)  -> (artifact id: 'd713af04287a7c67d1651a3d40b5b706') in 0.001579 seconds
  Import took 0.003758 seconds .

========================================================================
Received Import Request.
  Time since last request: 0.010306 seconds.
  path: Assets/ParticleTry.cs
  artifactKey: Guid(00b51cbb66b99b74fa3f3f240ab21f0b) Importer(815301076,1909f56bfc062723c751e8b465ee728b)
Start importing Assets/ParticleTry.cs using Guid(00b51cbb66b99b74fa3f3f240ab21f0b) Importer(815301076,1909f56bfc062723c751e8b465ee728b)  -> (artifact id: 'd713af04287a7c67d1651a3d40b5b706') in 0.001603 seconds
  Import took 0.003746 seconds .

========================================================================
Received Prepare
Registering precompiled user dll's ...
Registered in 0.000653 seconds.
Begin MonoManager ReloadAssembly
Native extension for WindowsStandalone target not found
Refreshing native plugins compatible for Editor in 0.52 ms, found 0 plugins.
Preloading 0 native plugins for Editor in 0.00 ms.
Invoked RoslynAnalysisRunner static constructor.
RoslynAnalysisRunner will not be running.
RoslynAnalysisRunner has terminated.
Mono: successfully reloaded assembly
- Completed reload, in  1.032 seconds
Platform modules already initialized, skipping
Refreshing native plugins compatible for Editor in 0.25 ms, found 0 plugins.
Preloading 0 native plugins for Editor in 0.00 ms.
Unloading 1205 Unused Serialized files (Serialized files now loaded: 0)
System memory in use before: 68.0 MB.
System memory in use after: 68.1 MB.

Unloading 5 unused Assets to reduce memory usage. Loaded Objects now: 1797.
Total: 2.301600 ms (FindLiveObjects: 0.251800 ms CreateObjectMapping: 0.044500 ms MarkObjects: 1.933900 ms  DeleteObjects: 0.069400 ms)

========================================================================
Received Import Request.
  Time since last request: 29.909055 seconds.
  path: Assets/Models/Particles
  artifactKey: Guid(27c573d0bb141ea43bd8eab8b78a7719) Importer(815301076,1909f56bfc062723c751e8b465ee728b)
Start importing Assets/Models/Particles using Guid(27c573d0bb141ea43bd8eab8b78a7719) Importer(815301076,1909f56bfc062723c751e8b465ee728b)  -> (artifact id: '5273d793bb2485dfaf6ff1a383f178dc') in 0.004277 seconds
  Import took 0.006545 seconds .

========================================================================
Received Import Request.
  Time since last request: 0.000477 seconds.
  path: Assets/Models/Particles
  artifactKey: Guid(27c573d0bb141ea43bd8eab8b78a7719) Importer(815301076,1909f56bfc062723c751e8b465ee728b)
Start importing Assets/Models/Particles using Guid(27c573d0bb141ea43bd8eab8b78a7719) Importer(815301076,1909f56bfc062723c751e8b465ee728b)  -> (artifact id: '5273d793bb2485dfaf6ff1a383f178dc') in 0.012885 seconds
  Import took 0.014816 seconds .

========================================================================
Received Import Request.
  Time since last request: 17.651894 seconds.
  path: Assets/Graph
  artifactKey: Guid(ce7f981f4e8c2654bbb61dbbc42d501a) Importer(815301076,1909f56bfc062723c751e8b465ee728b)
Start importing Assets/Graph using Guid(ce7f981f4e8c2654bbb61dbbc42d501a) Importer(815301076,1909f56bfc062723c751e8b465ee728b)  -> (artifact id: 'aedc507639972a9fe8327a47105cab57') in 0.001646 seconds
  Import took 0.003679 seconds .

========================================================================
Received Import Request.
  Time since last request: 0.850412 seconds.
  path: Assets/Graph/Scripts
  artifactKey: Guid(fb7fdb37992511e478377c26902ea96a) Importer(815301076,1909f56bfc062723c751e8b465ee728b)
Start importing Assets/Graph/Scripts using Guid(fb7fdb37992511e478377c26902ea96a) Importer(815301076,1909f56bfc062723c751e8b465ee728b)  -> (artifact id: '1d61101e9023bee42b1e5d29b01ea5ab') in 0.001691 seconds
  Import took 0.004402 seconds .

========================================================================
Received Import Request.
  Time since last request: 0.000603 seconds.
  path: Assets/Graph/Scripts
  artifactKey: Guid(fb7fdb37992511e478377c26902ea96a) Importer(815301076,1909f56bfc062723c751e8b465ee728b)
Start importing Assets/Graph/Scripts using Guid(fb7fdb37992511e478377c26902ea96a) Importer(815301076,1909f56bfc062723c751e8b465ee728b)  -> (artifact id: '1d61101e9023bee42b1e5d29b01ea5ab') in 0.001552 seconds
  Import took 0.003681 seconds .

========================================================================
Received Prepare
Registering precompiled user dll's ...
Registered in 0.000545 seconds.
Begin MonoManager ReloadAssembly
Native extension for WindowsStandalone target not found
Refreshing native plugins compatible for Editor in 0.31 ms, found 0 plugins.
Preloading 0 native plugins for Editor in 0.00 ms.
Invoked RoslynAnalysisRunner static constructor.
RoslynAnalysisRunner will not be running.
RoslynAnalysisRunner has terminated.
Mono: successfully reloaded assembly
- Completed reload, in  0.873 seconds
Platform modules already initialized, skipping
Refreshing native plugins compatible for Editor in 0.29 ms, found 0 plugins.
Preloading 0 native plugins for Editor in 0.00 ms.
Unloading 1205 Unused Serialized files (Serialized files now loaded: 0)
System memory in use before: 68.0 MB.
System memory in use after: 68.1 MB.

Unloading 5 unused Assets to reduce memory usage. Loaded Objects now: 1800.
Total: 1.943800 ms (FindLiveObjects: 0.240400 ms CreateObjectMapping: 0.045100 ms MarkObjects: 1.595300 ms  DeleteObjects: 0.061700 ms)

========================================================================
Received Import Request.
  Time since last request: 100.338293 seconds.
  path: Assets/Models/Warehouse/Prefabs
  artifactKey: Guid(3c21181166a1f684382c97be59669c38) Importer(815301076,1909f56bfc062723c751e8b465ee728b)
Start importing Assets/Models/Warehouse/Prefabs using Guid(3c21181166a1f684382c97be59669c38) Importer(815301076,1909f56bfc062723c751e8b465ee728b)  -> (artifact id: '2252886614fef9c4c12ac35a78c449da') in 0.004086 seconds
  Import took 0.006195 seconds .

========================================================================
Received Import Request.
  Time since last request: 0.085020 seconds.
  path: Assets/Models/Warehouse/Prefabs/Floor.prefab
  artifactKey: Guid(e5aa53bc2c6125048beb245928f2233e) Importer(815301076,1909f56bfc062723c751e8b465ee728b)
Start importing Assets/Models/Warehouse/Prefabs/Floor.prefab using Guid(e5aa53bc2c6125048beb245928f2233e) Importer(815301076,1909f56bfc062723c751e8b465ee728b)  -> (artifact id: 'a9e839bd6cc31244f7e4b2c3745a0769') in 0.057108 seconds
  Import took 0.059564 seconds .

========================================================================
Received Import Request.
  Time since last request: 0.000288 seconds.
  path: Assets/Models/Warehouse/Prefabs/Table.prefab
  artifactKey: Guid(07d2cced14c54b6479fa9180c14787d0) Importer(815301076,1909f56bfc062723c751e8b465ee728b)
Start importing Assets/Models/Warehouse/Prefabs/Table.prefab using Guid(07d2cced14c54b6479fa9180c14787d0) Importer(815301076,1909f56bfc062723c751e8b465ee728b)  -> (artifact id: 'ce1003ac95bb9435d53737bcec63acc0') in 0.009993 seconds
  Import took 0.012203 seconds .

========================================================================
Received Import Request.
  Time since last request: 43.407203 seconds.
  path: Assets/Models/Warehouse/Materials/Cyl.mat
  artifactKey: Guid(a1e67fe5a46cc0342bd213cd09f45454) Importer(815301076,1909f56bfc062723c751e8b465ee728b)
Start importing Assets/Models/Warehouse/Materials/Cyl.mat using Guid(a1e67fe5a46cc0342bd213cd09f45454) Importer(815301076,1909f56bfc062723c751e8b465ee728b)  -> (artifact id: '666755062bbe66c953a9e9b185c8e6a7') in 0.026177 seconds
  Import took 0.028347 seconds .

========================================================================
Received Import Request.
  Time since last request: 32.018024 seconds.
  path: Assets/Models/Warehouse/Materials/Cyl.mat
  artifactKey: Guid(a1e67fe5a46cc0342bd213cd09f45454) Importer(815301076,1909f56bfc062723c751e8b465ee728b)
Start importing Assets/Models/Warehouse/Materials/Cyl.mat using Guid(a1e67fe5a46cc0342bd213cd09f45454) Importer(815301076,1909f56bfc062723c751e8b465ee728b)  -> (artifact id: 'b523609e1de44144bec136a9080def8b') in 0.009014 seconds
  Import took 0.011143 seconds .

========================================================================
Received Import Request.
  Time since last request: 37.615787 seconds.
  path: Assets/Scenes/Oscilloscope/LightingData.asset
  artifactKey: Guid(ebd0ee8b1b3c8824ba0ffa114d856310) Importer(815301076,1909f56bfc062723c751e8b465ee728b)
Start importing Assets/Scenes/Oscilloscope/LightingData.asset using Guid(ebd0ee8b1b3c8824ba0ffa114d856310) Importer(815301076,1909f56bfc062723c751e8b465ee728b)  -> (artifact id: 'e0971fda877d58acff12fa09f28a78d3') in 0.005585 seconds
  Import took 0.007615 seconds .

========================================================================
Received Import Request.
  Time since last request: 0.004530 seconds.
  path: Assets/Scenes/Oscilloscope/Lightmap-0_comp_dir.png
  artifactKey: Guid(0513b99453bf7b745a6a0e269aa5b053) Importer(815301076,1909f56bfc062723c751e8b465ee728b)
Start importing Assets/Scenes/Oscilloscope/Lightmap-0_comp_dir.png using Guid(0513b99453bf7b745a6a0e269aa5b053) Importer(815301076,1909f56bfc062723c751e8b465ee728b)  -> (artifact id: '4f11067a4b70df67449083d74bf520cd') in 0.029599 seconds
  Import took 0.031699 seconds .

========================================================================
Received Import Request.
  Time since last request: 0.000205 seconds.
  path: Assets/Scenes/Oscilloscope/ReflectionProbe-2.exr
  artifactKey: Guid(c70e24934d1f78d4aab451dcc55ff439) Importer(815301076,1909f56bfc062723c751e8b465ee728b)
Start importing Assets/Scenes/Oscilloscope/ReflectionProbe-2.exr using Guid(c70e24934d1f78d4aab451dcc55ff439) Importer(815301076,1909f56bfc062723c751e8b465ee728b)  -> (artifact id: '2658ea78e92e62887528191feedb6cc4') in 0.024033 seconds
  Import took 0.025906 seconds .

========================================================================
Received Import Request.
  Time since last request: 0.000272 seconds.
  path: Assets/Scenes/Oscilloscope/Lightmap-0_comp_shadowmask.png
  artifactKey: Guid(988afd0368f108d4bbdb3c102be8f763) Importer(815301076,1909f56bfc062723c751e8b465ee728b)
Start importing Assets/Scenes/Oscilloscope/Lightmap-0_comp_shadowmask.png using Guid(988afd0368f108d4bbdb3c102be8f763) Importer(815301076,1909f56bfc062723c751e8b465ee728b)  -> (artifact id: '1984d9e48c28b53db21ccd8b4c04282f') in 0.009391 seconds
  Import took 0.011494 seconds .

========================================================================
Received Import Request.
  Time since last request: 0.000249 seconds.
  path: Assets/Scenes/Oscilloscope/Lightmap-0_comp_light.exr
  artifactKey: Guid(0817a539d6a2ef743987536a7bb10881) Importer(815301076,1909f56bfc062723c751e8b465ee728b)
Start importing Assets/Scenes/Oscilloscope/Lightmap-0_comp_light.exr using Guid(0817a539d6a2ef743987536a7bb10881) Importer(815301076,1909f56bfc062723c751e8b465ee728b)  -> (artifact id: '2222b4382881af6ab3468df64744dfe1') in 0.009873 seconds
  Import took 0.012091 seconds .

========================================================================
Received Import Request.
  Time since last request: 0.000249 seconds.
  path: Assets/Scenes/Oscilloscope/ReflectionProbe-1.exr
  artifactKey: Guid(bbfa29b48f1859248860b4d4269a67e2) Importer(815301076,1909f56bfc062723c751e8b465ee728b)
Start importing Assets/Scenes/Oscilloscope/ReflectionProbe-1.exr using Guid(bbfa29b48f1859248860b4d4269a67e2) Importer(815301076,1909f56bfc062723c751e8b465ee728b)  -> (artifact id: '634d415ef6d33726b6a9c4a660c5772a') in 0.017826 seconds
  Import took 0.019941 seconds .

========================================================================
Received Import Request.
  Time since last request: 0.000272 seconds.
  path: Assets/Scenes/Oscilloscope/ReflectionProbe-0.exr
  artifactKey: Guid(6558ebb548598634e83014bfc27cf767) Importer(815301076,1909f56bfc062723c751e8b465ee728b)
Start importing Assets/Scenes/Oscilloscope/ReflectionProbe-0.exr using Guid(6558ebb548598634e83014bfc27cf767) Importer(815301076,1909f56bfc062723c751e8b465ee728b)  -> (artifact id: '362dd137f86d1d4effddf9c91ac4a5f7') in 0.017366 seconds
  Import took 0.019429 seconds .

========================================================================
Received Import Request.
  Time since last request: 91.758564 seconds.
  path: Assets/Models/Warehouse/Materials/TableMetall.mat
  artifactKey: Guid(6a93c3a90455a4248aebec55e094c244) Importer(815301076,1909f56bfc062723c751e8b465ee728b)
Start importing Assets/Models/Warehouse/Materials/TableMetall.mat using Guid(6a93c3a90455a4248aebec55e094c244) Importer(815301076,1909f56bfc062723c751e8b465ee728b)  -> (artifact id: '150da0ea0b87392c3f90107651fd1e98') in 0.013091 seconds
  Import took 0.015837 seconds .

AssetImportWorkerClient::OnTransportError - code=2 error=End of file
